CRITICAL - 2022-09-11 16:53:29 --> Invalid file: login/login.php
in SYSTEMPATH\Exceptions\FrameworkException.php on line 33.
 1 SYSTEMPATH\View\View.php(201): CodeIgniter\Exceptions\FrameworkException::forInvalidFile('login/login.php')
 2 SYSTEMPATH\Common.php(1142): CodeIgniter\View\View->render('login/login', [], true)
 3 APPPATH\Controllers\Login.php(9): view('login/login')
 4 SYSTEMPATH\CodeIgniter.php(904): App\Controllers\Login->sign_in()
 5 SYSTEMPATH\CodeIgniter.php(457): CodeIgniter\CodeIgniter->runController(Object(App\Controllers\Login))
 6 SYSTEMPATH\CodeIgniter.php(340): CodeIgniter\CodeIgniter->handleRequest(null, Object(Config\Cache), false)
 7 FCPATH\index.php(67): CodeIgniter\CodeIgniter->run()
CRITICAL - 2022-09-11 17:00:00 --> Invalid file: new_quotes.php
in SYSTEMPATH\Exceptions\FrameworkException.php on line 33.
 1 SYSTEMPATH\View\View.php(201): CodeIgniter\Exceptions\FrameworkException::forInvalidFile('new_quotes.php')
 2 SYSTEMPATH\Common.php(1142): CodeIgniter\View\View->render('new_quotes', [], true)
 3 APPPATH\Controllers\Quotes.php(10): view('new_quotes')
 4 SYSTEMPATH\CodeIgniter.php(904): App\Controllers\Quotes->new_quotes()
 5 SYSTEMPATH\CodeIgniter.php(457): CodeIgniter\CodeIgniter->runController(Object(App\Controllers\Quotes))
 6 SYSTEMPATH\CodeIgniter.php(340): CodeIgniter\CodeIgniter->handleRequest(null, Object(Config\Cache), false)
 7 FCPATH\index.php(67): CodeIgniter\CodeIgniter->run()
CRITICAL - 2022-09-11 17:00:06 --> Invalid file: new_quotes.php
in SYSTEMPATH\Exceptions\FrameworkException.php on line 33.
 1 SYSTEMPATH\View\View.php(201): CodeIgniter\Exceptions\FrameworkException::forInvalidFile('new_quotes.php')
 2 SYSTEMPATH\Common.php(1142): CodeIgniter\View\View->render('new_quotes', [], true)
 3 APPPATH\Controllers\Quotes.php(10): view('new_quotes')
 4 SYSTEMPATH\CodeIgniter.php(904): App\Controllers\Quotes->new_quotes()
 5 SYSTEMPATH\CodeIgniter.php(457): CodeIgniter\CodeIgniter->runController(Object(App\Controllers\Quotes))
 6 SYSTEMPATH\CodeIgniter.php(340): CodeIgniter\CodeIgniter->handleRequest(null, Object(Config\Cache), false)
 7 FCPATH\index.php(67): CodeIgniter\CodeIgniter->run()
CRITICAL - 2022-09-11 17:00:26 --> Invalid file: new_quotes.php
in SYSTEMPATH\Exceptions\FrameworkException.php on line 33.
 1 SYSTEMPATH\View\View.php(201): CodeIgniter\Exceptions\FrameworkException::forInvalidFile('new_quotes.php')
 2 SYSTEMPATH\Common.php(1142): CodeIgniter\View\View->render('new_quotes', [], true)
 3 APPPATH\Controllers\Quotes.php(10): view('new_quotes')
 4 SYSTEMPATH\CodeIgniter.php(904): App\Controllers\Quotes->new_quotes()
 5 SYSTEMPATH\CodeIgniter.php(457): CodeIgniter\CodeIgniter->runController(Object(App\Controllers\Quotes))
 6 SYSTEMPATH\CodeIgniter.php(340): CodeIgniter\CodeIgniter->handleRequest(null, Object(Config\Cache), false)
 7 FCPATH\index.php(67): CodeIgniter\CodeIgniter->run()
CRITICAL - 2022-09-11 17:00:29 --> Invalid file: new_quotes.php
in SYSTEMPATH\Exceptions\FrameworkException.php on line 33.
 1 SYSTEMPATH\View\View.php(201): CodeIgniter\Exceptions\FrameworkException::forInvalidFile('new_quotes.php')
 2 SYSTEMPATH\Common.php(1142): CodeIgniter\View\View->render('new_quotes', [], true)
 3 APPPATH\Controllers\Quotes.php(10): view('new_quotes')
 4 SYSTEMPATH\CodeIgniter.php(904): App\Controllers\Quotes->new_quotes()
 5 SYSTEMPATH\CodeIgniter.php(457): CodeIgniter\CodeIgniter->runController(Object(App\Controllers\Quotes))
 6 SYSTEMPATH\CodeIgniter.php(340): CodeIgniter\CodeIgniter->handleRequest(null, Object(Config\Cache), false)
 7 FCPATH\index.php(67): CodeIgniter\CodeIgniter->run()
CRITICAL - 2022-09-11 17:00:43 --> Invalid file: new_quotes.php
in SYSTEMPATH\Exceptions\FrameworkException.php on line 33.
 1 SYSTEMPATH\View\View.php(201): CodeIgniter\Exceptions\FrameworkException::forInvalidFile('new_quotes.php')
 2 SYSTEMPATH\Common.php(1142): CodeIgniter\View\View->render('new_quotes', [], true)
 3 APPPATH\Controllers\Quotes.php(10): view('new_quotes')
 4 SYSTEMPATH\CodeIgniter.php(904): App\Controllers\Quotes->new_quotes()
 5 SYSTEMPATH\CodeIgniter.php(457): CodeIgniter\CodeIgniter->runController(Object(App\Controllers\Quotes))
 6 SYSTEMPATH\CodeIgniter.php(340): CodeIgniter\CodeIgniter->handleRequest(null, Object(Config\Cache), false)
 7 FCPATH\index.php(67): CodeIgniter\CodeIgniter->run()
CRITICAL - 2022-09-11 17:02:00 --> Invalid file: new_quotes.php
in SYSTEMPATH\Exceptions\FrameworkException.php on line 33.
 1 SYSTEMPATH\View\View.php(201): CodeIgniter\Exceptions\FrameworkException::forInvalidFile('new_quotes.php')
 2 SYSTEMPATH\Common.php(1142): CodeIgniter\View\View->render('new_quotes', [], true)
 3 APPPATH\Controllers\Quotes.php(10): view('new_quotes')
 4 SYSTEMPATH\CodeIgniter.php(904): App\Controllers\Quotes->new_quotes()
 5 SYSTEMPATH\CodeIgniter.php(457): CodeIgniter\CodeIgniter->runController(Object(App\Controllers\Quotes))
 6 SYSTEMPATH\CodeIgniter.php(340): CodeIgniter\CodeIgniter->handleRequest(null, Object(Config\Cache), false)
 7 FCPATH\index.php(67): CodeIgniter\CodeIgniter->run()
