CRITICAL - 2022-09-05 19:09:00 --> include(): http:// wrapper is disabled in the server configuration by allow_url_include=0
in APPPATH\Views\dashboard.php on line 8.
 1 APPPATH\Views\dashboard.php(8): CodeIgniter\Debug\Exceptions->errorHandler(2, 'include(): http:// wrapper is disabled in the server configuration by allow_url_include=0', 'APPPATH\\Views\\dashboard.php', 8)
 2 APPPATH\Views\dashboard.php(8): include()
 3 SYSTEMPATH\View\View.php(213): include('APPPATH\\Views\\dashboard.php')
 4 SYSTEMPATH\View\View.php(216): CodeIgniter\View\View->CodeIgniter\View\{closure}()
 5 SYSTEMPATH\Common.php(1142): CodeIgniter\View\View->render('dashboard', [], true)
 6 APPPATH\Controllers\Pos.php(11): view('dashboard')
 7 SYSTEMPATH\CodeIgniter.php(904): App\Controllers\Pos->dashboard()
 8 SYSTEMPATH\CodeIgniter.php(457): CodeIgniter\CodeIgniter->runController(Object(App\Controllers\Pos))
 9 SYSTEMPATH\CodeIgniter.php(340): CodeIgniter\CodeIgniter->handleRequest(null, Object(Config\Cache), false)
10 FCPATH\index.php(67): CodeIgniter\CodeIgniter->run()
CRITICAL - 2022-09-05 19:09:07 --> include(): http:// wrapper is disabled in the server configuration by allow_url_include=0
in APPPATH\Views\dashboard.php on line 8.
 1 APPPATH\Views\dashboard.php(8): CodeIgniter\Debug\Exceptions->errorHandler(2, 'include(): http:// wrapper is disabled in the server configuration by allow_url_include=0', 'APPPATH\\Views\\dashboard.php', 8)
 2 APPPATH\Views\dashboard.php(8): include()
 3 SYSTEMPATH\View\View.php(213): include('APPPATH\\Views\\dashboard.php')
 4 SYSTEMPATH\View\View.php(216): CodeIgniter\View\View->CodeIgniter\View\{closure}()
 5 SYSTEMPATH\Common.php(1142): CodeIgniter\View\View->render('dashboard', [], true)
 6 APPPATH\Controllers\Pos.php(11): view('dashboard')
 7 SYSTEMPATH\CodeIgniter.php(904): App\Controllers\Pos->dashboard()
 8 SYSTEMPATH\CodeIgniter.php(457): CodeIgniter\CodeIgniter->runController(Object(App\Controllers\Pos))
 9 SYSTEMPATH\CodeIgniter.php(340): CodeIgniter\CodeIgniter->handleRequest(null, Object(Config\Cache), false)
10 FCPATH\index.php(67): CodeIgniter\CodeIgniter->run()
CRITICAL - 2022-09-05 19:09:23 --> include(site_url('public/header_links')): Failed to open stream: No such file or directory
in APPPATH\Views\dashboard.php on line 8.
 1 APPPATH\Views\dashboard.php(8): CodeIgniter\Debug\Exceptions->errorHandler(2, 'include(site_url(\'public/header_links\')): Failed to open stream: No such file or directory', 'APPPATH\\Views\\dashboard.php', 8)
 2 APPPATH\Views\dashboard.php(8): include()
 3 SYSTEMPATH\View\View.php(213): include('APPPATH\\Views\\dashboard.php')
 4 SYSTEMPATH\View\View.php(216): CodeIgniter\View\View->CodeIgniter\View\{closure}()
 5 SYSTEMPATH\Common.php(1142): CodeIgniter\View\View->render('dashboard', [], true)
 6 APPPATH\Controllers\Pos.php(11): view('dashboard')
 7 SYSTEMPATH\CodeIgniter.php(904): App\Controllers\Pos->dashboard()
 8 SYSTEMPATH\CodeIgniter.php(457): CodeIgniter\CodeIgniter->runController(Object(App\Controllers\Pos))
 9 SYSTEMPATH\CodeIgniter.php(340): CodeIgniter\CodeIgniter->handleRequest(null, Object(Config\Cache), false)
10 FCPATH\index.php(67): CodeIgniter\CodeIgniter->run()
CRITICAL - 2022-09-05 20:47:48 --> Invalid file: all_invoice.php
in SYSTEMPATH\Exceptions\FrameworkException.php on line 33.
 1 SYSTEMPATH\View\View.php(201): CodeIgniter\Exceptions\FrameworkException::forInvalidFile('all_invoice.php')
 2 SYSTEMPATH\Common.php(1142): CodeIgniter\View\View->render('all_invoice', [], true)
 3 APPPATH\Controllers\Pos.php(27): view('all_invoice')
 4 SYSTEMPATH\CodeIgniter.php(904): App\Controllers\Pos->all_invoice()
 5 SYSTEMPATH\CodeIgniter.php(457): CodeIgniter\CodeIgniter->runController(Object(App\Controllers\Pos))
 6 SYSTEMPATH\CodeIgniter.php(340): CodeIgniter\CodeIgniter->handleRequest(null, Object(Config\Cache), false)
 7 FCPATH\index.php(67): CodeIgniter\CodeIgniter->run()
CRITICAL - 2022-09-05 20:48:04 --> Invalid file: all_invoice.php
in SYSTEMPATH\Exceptions\FrameworkException.php on line 33.
 1 SYSTEMPATH\View\View.php(201): CodeIgniter\Exceptions\FrameworkException::forInvalidFile('all_invoice.php')
 2 SYSTEMPATH\Common.php(1142): CodeIgniter\View\View->render('all_invoice', [], true)
 3 APPPATH\Controllers\Pos.php(27): view('all_invoice')
 4 SYSTEMPATH\CodeIgniter.php(904): App\Controllers\Pos->all_invoice()
 5 SYSTEMPATH\CodeIgniter.php(457): CodeIgniter\CodeIgniter->runController(Object(App\Controllers\Pos))
 6 SYSTEMPATH\CodeIgniter.php(340): CodeIgniter\CodeIgniter->handleRequest(null, Object(Config\Cache), false)
 7 FCPATH\index.php(67): CodeIgniter\CodeIgniter->run()
CRITICAL - 2022-09-05 23:10:10 --> Cannot redeclare App\Controllers\Pos::new_items()
in APPPATH\Controllers\Pos.php on line 52.
 1 [internal function]: CodeIgniter\Debug\Exceptions->shutdownHandler()
CRITICAL - 2022-09-05 23:10:12 --> Cannot redeclare App\Controllers\Pos::new_items()
in APPPATH\Controllers\Pos.php on line 52.
 1 [internal function]: CodeIgniter\Debug\Exceptions->shutdownHandler()
CRITICAL - 2022-09-05 23:10:13 --> Cannot redeclare App\Controllers\Pos::new_items()
in APPPATH\Controllers\Pos.php on line 52.
 1 [internal function]: CodeIgniter\Debug\Exceptions->shutdownHandler()
CRITICAL - 2022-09-05 23:10:16 --> Cannot redeclare App\Controllers\Pos::new_items()
in APPPATH\Controllers\Pos.php on line 52.
 1 [internal function]: CodeIgniter\Debug\Exceptions->shutdownHandler()
CRITICAL - 2022-09-05 23:10:18 --> Cannot redeclare App\Controllers\Pos::new_items()
in APPPATH\Controllers\Pos.php on line 52.
 1 [internal function]: CodeIgniter\Debug\Exceptions->shutdownHandler()
CRITICAL - 2022-09-05 23:10:19 --> Cannot redeclare App\Controllers\Pos::new_items()
in APPPATH\Controllers\Pos.php on line 52.
 1 [internal function]: CodeIgniter\Debug\Exceptions->shutdownHandler()
