CRITICAL - 2022-09-06 14:13:32 --> include(header_links.php): Failed to open stream: No such file or directory
in APPPATH\Views\invoice\all_invoices.php on line 10.
 1 APPPATH\Views\invoice\all_invoices.php(10): CodeIgniter\Debug\Exceptions->errorHandler(2, 'include(header_links.php): Failed to open stream: No such file or directory', 'APPPATH\\Views\\invoice\\all_invoices.php', 10)
 2 APPPATH\Views\invoice\all_invoices.php(10): include()
 3 SYSTEMPATH\View\View.php(213): include('APPPATH\\Views\\invoice\\all_invoices.php')
 4 SYSTEMPATH\View\View.php(216): CodeIgniter\View\View->CodeIgniter\View\{closure}()
 5 SYSTEMPATH\Common.php(1142): CodeIgniter\View\View->render('invoice/all_invoices', [], true)
 6 APPPATH\Controllers\Pos.php(30): view('invoice/all_invoices')
 7 SYSTEMPATH\CodeIgniter.php(904): App\Controllers\Pos->all_invoices()
 8 SYSTEMPATH\CodeIgniter.php(457): CodeIgniter\CodeIgniter->runController(Object(App\Controllers\Pos))
 9 SYSTEMPATH\CodeIgniter.php(340): CodeIgniter\CodeIgniter->handleRequest(null, Object(Config\Cache), false)
10 FCPATH\index.php(67): CodeIgniter\CodeIgniter->run()
CRITICAL - 2022-09-06 14:13:38 --> include(header_links.php): Failed to open stream: No such file or directory
in APPPATH\Views\invoice\all_invoices.php on line 10.
 1 APPPATH\Views\invoice\all_invoices.php(10): CodeIgniter\Debug\Exceptions->errorHandler(2, 'include(header_links.php): Failed to open stream: No such file or directory', 'APPPATH\\Views\\invoice\\all_invoices.php', 10)
 2 APPPATH\Views\invoice\all_invoices.php(10): include()
 3 SYSTEMPATH\View\View.php(213): include('APPPATH\\Views\\invoice\\all_invoices.php')
 4 SYSTEMPATH\View\View.php(216): CodeIgniter\View\View->CodeIgniter\View\{closure}()
 5 SYSTEMPATH\Common.php(1142): CodeIgniter\View\View->render('invoice/all_invoices', [], true)
 6 APPPATH\Controllers\Pos.php(30): view('invoice/all_invoices')
 7 SYSTEMPATH\CodeIgniter.php(904): App\Controllers\Pos->all_invoices()
 8 SYSTEMPATH\CodeIgniter.php(457): CodeIgniter\CodeIgniter->runController(Object(App\Controllers\Pos))
 9 SYSTEMPATH\CodeIgniter.php(340): CodeIgniter\CodeIgniter->handleRequest(null, Object(Config\Cache), false)
10 FCPATH\index.php(67): CodeIgniter\CodeIgniter->run()
CRITICAL - 2022-09-06 14:14:26 --> include(header_links.php): Failed to open stream: No such file or directory
in APPPATH\Views\invoice\all_invoices.php on line 10.
 1 APPPATH\Views\invoice\all_invoices.php(10): CodeIgniter\Debug\Exceptions->errorHandler(2, 'include(header_links.php): Failed to open stream: No such file or directory', 'APPPATH\\Views\\invoice\\all_invoices.php', 10)
 2 APPPATH\Views\invoice\all_invoices.php(10): include()
 3 SYSTEMPATH\View\View.php(213): include('APPPATH\\Views\\invoice\\all_invoices.php')
 4 SYSTEMPATH\View\View.php(216): CodeIgniter\View\View->CodeIgniter\View\{closure}()
 5 SYSTEMPATH\Common.php(1142): CodeIgniter\View\View->render('invoice/all_invoices', [], true)
 6 APPPATH\Controllers\Pos.php(30): view('invoice/all_invoices')
 7 SYSTEMPATH\CodeIgniter.php(904): App\Controllers\Pos->all_invoices()
 8 SYSTEMPATH\CodeIgniter.php(457): CodeIgniter\CodeIgniter->runController(Object(App\Controllers\Pos))
 9 SYSTEMPATH\CodeIgniter.php(340): CodeIgniter\CodeIgniter->handleRequest(null, Object(Config\Cache), false)
10 FCPATH\index.php(67): CodeIgniter\CodeIgniter->run()
CRITICAL - 2022-09-06 14:15:15 --> include(header_links.php): Failed to open stream: No such file or directory
in APPPATH\Views\invoice\all_invoices.php on line 10.
 1 APPPATH\Views\invoice\all_invoices.php(10): CodeIgniter\Debug\Exceptions->errorHandler(2, 'include(header_links.php): Failed to open stream: No such file or directory', 'APPPATH\\Views\\invoice\\all_invoices.php', 10)
 2 APPPATH\Views\invoice\all_invoices.php(10): include()
 3 SYSTEMPATH\View\View.php(213): include('APPPATH\\Views\\invoice\\all_invoices.php')
 4 SYSTEMPATH\View\View.php(216): CodeIgniter\View\View->CodeIgniter\View\{closure}()
 5 SYSTEMPATH\Common.php(1142): CodeIgniter\View\View->render('invoice/all_invoices', [], true)
 6 APPPATH\Controllers\Pos.php(30): view('invoice/all_invoices')
 7 SYSTEMPATH\CodeIgniter.php(904): App\Controllers\Pos->all_invoices()
 8 SYSTEMPATH\CodeIgniter.php(457): CodeIgniter\CodeIgniter->runController(Object(App\Controllers\Pos))
 9 SYSTEMPATH\CodeIgniter.php(340): CodeIgniter\CodeIgniter->handleRequest(null, Object(Config\Cache), false)
10 FCPATH\index.php(67): CodeIgniter\CodeIgniter->run()
CRITICAL - 2022-09-06 14:17:46 --> Invalid file: invoice/all_invoices.php
in SYSTEMPATH\Exceptions\FrameworkException.php on line 33.
 1 SYSTEMPATH\View\View.php(201): CodeIgniter\Exceptions\FrameworkException::forInvalidFile('invoice/all_invoices.php')
 2 SYSTEMPATH\Common.php(1142): CodeIgniter\View\View->render('invoice/all_invoices', [], true)
 3 APPPATH\Controllers\Pos.php(30): view('invoice/all_invoices')
 4 SYSTEMPATH\CodeIgniter.php(904): App\Controllers\Pos->all_invoices()
 5 SYSTEMPATH\CodeIgniter.php(457): CodeIgniter\CodeIgniter->runController(Object(App\Controllers\Pos))
 6 SYSTEMPATH\CodeIgniter.php(340): CodeIgniter\CodeIgniter->handleRequest(null, Object(Config\Cache), false)
 7 FCPATH\index.php(67): CodeIgniter\CodeIgniter->run()
CRITICAL - 2022-09-06 14:19:17 --> include(header_links.php): Failed to open stream: No such file or directory
in APPPATH\Views\invoice\all_invoices.php on line 10.
 1 APPPATH\Views\invoice\all_invoices.php(10): CodeIgniter\Debug\Exceptions->errorHandler(2, 'include(header_links.php): Failed to open stream: No such file or directory', 'APPPATH\\Views\\invoice\\all_invoices.php', 10)
 2 APPPATH\Views\invoice\all_invoices.php(10): include()
 3 SYSTEMPATH\View\View.php(213): include('APPPATH\\Views\\invoice\\all_invoices.php')
 4 SYSTEMPATH\View\View.php(216): CodeIgniter\View\View->CodeIgniter\View\{closure}()
 5 SYSTEMPATH\Common.php(1142): CodeIgniter\View\View->render('invoice/all_invoices', [], true)
 6 APPPATH\Controllers\Pos.php(30): view('invoice/all_invoices')
 7 SYSTEMPATH\CodeIgniter.php(904): App\Controllers\Pos->all_invoices()
 8 SYSTEMPATH\CodeIgniter.php(457): CodeIgniter\CodeIgniter->runController(Object(App\Controllers\Pos))
 9 SYSTEMPATH\CodeIgniter.php(340): CodeIgniter\CodeIgniter->handleRequest(null, Object(Config\Cache), false)
10 FCPATH\index.php(67): CodeIgniter\CodeIgniter->run()
CRITICAL - 2022-09-06 14:19:19 --> include(header_links.php): Failed to open stream: No such file or directory
in APPPATH\Views\invoice\all_invoices.php on line 10.
 1 APPPATH\Views\invoice\all_invoices.php(10): CodeIgniter\Debug\Exceptions->errorHandler(2, 'include(header_links.php): Failed to open stream: No such file or directory', 'APPPATH\\Views\\invoice\\all_invoices.php', 10)
 2 APPPATH\Views\invoice\all_invoices.php(10): include()
 3 SYSTEMPATH\View\View.php(213): include('APPPATH\\Views\\invoice\\all_invoices.php')
 4 SYSTEMPATH\View\View.php(216): CodeIgniter\View\View->CodeIgniter\View\{closure}()
 5 SYSTEMPATH\Common.php(1142): CodeIgniter\View\View->render('invoice/all_invoices', [], true)
 6 APPPATH\Controllers\Pos.php(30): view('invoice/all_invoices')
 7 SYSTEMPATH\CodeIgniter.php(904): App\Controllers\Pos->all_invoices()
 8 SYSTEMPATH\CodeIgniter.php(457): CodeIgniter\CodeIgniter->runController(Object(App\Controllers\Pos))
 9 SYSTEMPATH\CodeIgniter.php(340): CodeIgniter\CodeIgniter->handleRequest(null, Object(Config\Cache), false)
10 FCPATH\index.php(67): CodeIgniter\CodeIgniter->run()
CRITICAL - 2022-09-06 14:19:19 --> include(header_links.php): Failed to open stream: No such file or directory
in APPPATH\Views\invoice\all_invoices.php on line 10.
 1 APPPATH\Views\invoice\all_invoices.php(10): CodeIgniter\Debug\Exceptions->errorHandler(2, 'include(header_links.php): Failed to open stream: No such file or directory', 'APPPATH\\Views\\invoice\\all_invoices.php', 10)
 2 APPPATH\Views\invoice\all_invoices.php(10): include()
 3 SYSTEMPATH\View\View.php(213): include('APPPATH\\Views\\invoice\\all_invoices.php')
 4 SYSTEMPATH\View\View.php(216): CodeIgniter\View\View->CodeIgniter\View\{closure}()
 5 SYSTEMPATH\Common.php(1142): CodeIgniter\View\View->render('invoice/all_invoices', [], true)
 6 APPPATH\Controllers\Pos.php(30): view('invoice/all_invoices')
 7 SYSTEMPATH\CodeIgniter.php(904): App\Controllers\Pos->all_invoices()
 8 SYSTEMPATH\CodeIgniter.php(457): CodeIgniter\CodeIgniter->runController(Object(App\Controllers\Pos))
 9 SYSTEMPATH\CodeIgniter.php(340): CodeIgniter\CodeIgniter->handleRequest(null, Object(Config\Cache), false)
10 FCPATH\index.php(67): CodeIgniter\CodeIgniter->run()
CRITICAL - 2022-09-06 14:19:20 --> include(header_links.php): Failed to open stream: No such file or directory
in APPPATH\Views\invoice\all_invoices.php on line 10.
 1 APPPATH\Views\invoice\all_invoices.php(10): CodeIgniter\Debug\Exceptions->errorHandler(2, 'include(header_links.php): Failed to open stream: No such file or directory', 'APPPATH\\Views\\invoice\\all_invoices.php', 10)
 2 APPPATH\Views\invoice\all_invoices.php(10): include()
 3 SYSTEMPATH\View\View.php(213): include('APPPATH\\Views\\invoice\\all_invoices.php')
 4 SYSTEMPATH\View\View.php(216): CodeIgniter\View\View->CodeIgniter\View\{closure}()
 5 SYSTEMPATH\Common.php(1142): CodeIgniter\View\View->render('invoice/all_invoices', [], true)
 6 APPPATH\Controllers\Pos.php(30): view('invoice/all_invoices')
 7 SYSTEMPATH\CodeIgniter.php(904): App\Controllers\Pos->all_invoices()
 8 SYSTEMPATH\CodeIgniter.php(457): CodeIgniter\CodeIgniter->runController(Object(App\Controllers\Pos))
 9 SYSTEMPATH\CodeIgniter.php(340): CodeIgniter\CodeIgniter->handleRequest(null, Object(Config\Cache), false)
10 FCPATH\index.php(67): CodeIgniter\CodeIgniter->run()
CRITICAL - 2022-09-06 14:19:28 --> include(header_links.php): Failed to open stream: No such file or directory
in APPPATH\Views\invoice\all_invoices.php on line 10.
 1 APPPATH\Views\invoice\all_invoices.php(10): CodeIgniter\Debug\Exceptions->errorHandler(2, 'include(header_links.php): Failed to open stream: No such file or directory', 'APPPATH\\Views\\invoice\\all_invoices.php', 10)
 2 APPPATH\Views\invoice\all_invoices.php(10): include()
 3 SYSTEMPATH\View\View.php(213): include('APPPATH\\Views\\invoice\\all_invoices.php')
 4 SYSTEMPATH\View\View.php(216): CodeIgniter\View\View->CodeIgniter\View\{closure}()
 5 SYSTEMPATH\Common.php(1142): CodeIgniter\View\View->render('invoice/all_invoices', [], true)
 6 APPPATH\Controllers\Pos.php(30): view('invoice/all_invoices')
 7 SYSTEMPATH\CodeIgniter.php(904): App\Controllers\Pos->all_invoices()
 8 SYSTEMPATH\CodeIgniter.php(457): CodeIgniter\CodeIgniter->runController(Object(App\Controllers\Pos))
 9 SYSTEMPATH\CodeIgniter.php(340): CodeIgniter\CodeIgniter->handleRequest(null, Object(Config\Cache), false)
10 FCPATH\index.php(67): CodeIgniter\CodeIgniter->run()
